app/build/intermediates/manifest_merge_blame_file/debug/manifest-merger-blame-debug-report.txt
1<?xml version="1.0" encoding="utf-8"?>
2<manifest xmlns:android="http://schemas.android.com/apk/res/android"
3    package="com.andrj.kora"
4    android:versionCode="1"
5    android:versionName="1.0" >
6
7    <uses-sdk
8        android:minSdkVersion="26"
8-->src\main\AndroidManifest.xml
9        android:targetSdkVersion="32" />
9-->src\main\AndroidManifest.xml
10
11    <application
11-->src\main\AndroidManifest.xml:5:5-28:19
12        android:allowBackup="true"
12-->src\main\AndroidManifest.xml:6:9-35
13        android:appComponentFactory="androidx.core.app.CoreComponentFactory"
13-->[androidx.core:core:1.7.0] AndroidManifest.xml:24:18-86
14        android:debuggable="true"
15        android:extractNativeLibs="false"
16        android:icon="@mipmap/ic_launcher"
16-->src\main\AndroidManifest.xml:7:9-43
17        android:label="@string/app_name"
17-->src\main\AndroidManifest.xml:8:9-41
18        android:roundIcon="@mipmap/ic_launcher_round"
18-->src\main\AndroidManifest.xml:9:9-54
19        android:supportsRtl="true"
19-->src\main\AndroidManifest.xml:10:9-35
20        android:testOnly="true"
21        android:theme="@style/Theme.Kora" >
21-->src\main\AndroidManifest.xml:11:9-42
22        <activity
22-->src\main\AndroidManifest.xml:12:9-14:40
23            android:name="com.andrj.kora.CreateEditActivity"
23-->src\main\AndroidManifest.xml:13:13-47
24            android:exported="false" />
24-->src\main\AndroidManifest.xml:14:13-37
25        <activity
25-->src\main\AndroidManifest.xml:15:9-18:53
26            android:name="com.andrj.kora.MainActivity"
26-->src\main\AndroidManifest.xml:16:13-41
27            android:exported="false"
27-->src\main\AndroidManifest.xml:17:13-37
28            android:screenOrientation="fullSensor" />
28-->src\main\AndroidManifest.xml:18:13-51
29        <activity
29-->src\main\AndroidManifest.xml:19:9-27:20
30            android:name="com.andrj.kora.LoginActivity"
30-->src\main\AndroidManifest.xml:20:13-42
31            android:exported="true"
31-->src\main\AndroidManifest.xml:21:13-36
32            android:screenOrientation="fullSensor" >
32-->src\main\AndroidManifest.xml:22:13-51
33            <intent-filter>
33-->src\main\AndroidManifest.xml:23:13-26:29
34                <action android:name="android.intent.action.MAIN" />
34-->src\main\AndroidManifest.xml:24:17-69
34-->src\main\AndroidManifest.xml:24:25-66
35
36                <category android:name="android.intent.category.LAUNCHER" />
36-->src\main\AndroidManifest.xml:25:17-77
36-->src\main\AndroidManifest.xml:25:27-74
37            </intent-filter>
38        </activity>
39
40        <provider
40-->[androidx.emoji2:emoji2:1.0.0] AndroidManifest.xml:26:9-34:20
41            android:name="androidx.startup.InitializationProvider"
41-->[androidx.emoji2:emoji2:1.0.0] AndroidManifest.xml:27:13-67
42            android:authorities="com.andrj.kora.androidx-startup"
42-->[androidx.emoji2:emoji2:1.0.0] AndroidManifest.xml:28:13-68
43            android:exported="false" >
43-->[androidx.emoji2:emoji2:1.0.0] AndroidManifest.xml:29:13-37
44            <meta-data
44-->[androidx.emoji2:emoji2:1.0.0] AndroidManifest.xml:31:13-33:52
45                android:name="androidx.emoji2.text.EmojiCompatInitializer"
45-->[androidx.emoji2:emoji2:1.0.0] AndroidManifest.xml:32:17-75
46                android:value="androidx.startup" />
46-->[androidx.emoji2:emoji2:1.0.0] AndroidManifest.xml:33:17-49
47            <meta-data
47-->[androidx.lifecycle:lifecycle-process:2.4.0] AndroidManifest.xml:31:13-33:52
48                android:name="androidx.lifecycle.ProcessLifecycleInitializer"
48-->[androidx.lifecycle:lifecycle-process:2.4.0] AndroidManifest.xml:32:17-78
49                android:value="androidx.startup" />
49-->[androidx.lifecycle:lifecycle-process:2.4.0] AndroidManifest.xml:33:17-49
50        </provider>
51    </application>
52
53</manifest>